<?xml version="1.0" encoding="UTF-8"?>
<testng-results ignored="0" total="1" passed="1" failed="0" skipped="0">
  <reporter-output>
  </reporter-output>
  <suite started-at="2023-08-20T17:23:54 IST" name="Default suite" finished-at="2023-08-20T17:24:16 IST" duration-ms="22151">
    <groups>
    </groups>
    <test started-at="2023-08-20T17:23:54 IST" name="Default test" finished-at="2023-08-20T17:24:16 IST" duration-ms="22151">
      <class name="tests.selenium.TC004_DoLoginSalesForceAppln">
        <test-method is-config="true" signature="beforeSuite()[pri:0, instance:tests.selenium.TC004_DoLoginSalesForceAppln@f78a47e]" started-at="2023-08-20T17:23:52 IST" name="beforeSuite" finished-at="2023-08-20T17:23:54 IST" duration-ms="1442" status="PASS">
          <reporter-output>
          </reporter-output>
        </test-method> <!-- beforeSuite -->
        <test-method is-config="true" signature="setValues()[pri:0, instance:tests.selenium.TC004_DoLoginSalesForceAppln@f78a47e]" started-at="2023-08-20T17:23:54 IST" name="setValues" finished-at="2023-08-20T17:23:54 IST" duration-ms="1" status="PASS">
          <reporter-output>
          </reporter-output>
        </test-method> <!-- setValues -->
        <test-method is-config="true" signature="beforeClass()[pri:0, instance:tests.selenium.TC004_DoLoginSalesForceAppln@f78a47e]" started-at="2023-08-20T17:23:54 IST" name="beforeClass" finished-at="2023-08-20T17:23:54 IST" duration-ms="1" status="PASS">
          <reporter-output>
          </reporter-output>
        </test-method> <!-- beforeClass -->
        <test-method is-config="true" signature="beforeMethod()[pri:0, instance:tests.selenium.TC004_DoLoginSalesForceAppln@f78a47e]" started-at="2023-08-20T17:23:54 IST" name="beforeMethod" finished-at="2023-08-20T17:24:01 IST" duration-ms="6146" status="PASS">
          <reporter-output>
          </reporter-output>
        </test-method> <!-- beforeMethod -->
        <test-method signature="doLogin(java.lang.String, java.lang.String, java.lang.String)[pri:0, instance:tests.selenium.TC004_DoLoginSalesForceAppln@f78a47e]" started-at="2023-08-20T17:24:01 IST" name="doLogin" data-provider="fetchData" finished-at="2023-08-20T17:24:16 IST" duration-ms="15040" status="PASS">
          <params>
            <param index="0">
              <value>
                <![CDATA[incident]]>
              </value>
            </param>
            <param index="1">
              <value>
                <![CDATA[Abel]]>
              </value>
            </param>
            <param index="2">
              <value>
                <![CDATA[Ths is automated test from Makaia data 1]]>
              </value>
            </param>
          </params>
          <reporter-output>
          </reporter-output>
        </test-method> <!-- doLogin -->
        <test-method is-config="true" signature="afterMethod()[pri:0, instance:tests.selenium.TC004_DoLoginSalesForceAppln@f78a47e]" started-at="2023-08-20T17:24:16 IST" name="afterMethod" finished-at="2023-08-20T17:24:16 IST" duration-ms="176" status="PASS">
          <reporter-output>
          </reporter-output>
        </test-method> <!-- afterMethod -->
        <test-method is-config="true" signature="afterSuite()[pri:0, instance:tests.selenium.TC004_DoLoginSalesForceAppln@f78a47e]" started-at="2023-08-20T17:24:16 IST" name="afterSuite" finished-at="2023-08-20T17:24:16 IST" duration-ms="522" status="PASS">
          <reporter-output>
          </reporter-output>
        </test-method> <!-- afterSuite -->
      </class> <!-- tests.selenium.TC004_DoLoginSalesForceAppln -->
    </test> <!-- Default test -->
  </suite> <!-- Default suite -->
</testng-results>
